<?xml version="1.0" encoding="UTF-8"?>
<testng-results ignored="0" total="2" passed="2" failed="0" skipped="0">
  <reporter-output>
  </reporter-output>
  <suite started-at="2023-03-13T12:03:58 BDT" name="Default suite" finished-at="2023-03-13T12:06:16 BDT" duration-ms="138336">
    <groups>
    </groups>
    <test started-at="2023-03-13T12:03:58 BDT" name="Default test" finished-at="2023-03-13T12:06:16 BDT" duration-ms="138336">
      <class name="tests.CheckoutAsGuest">
        <test-method is-config="true" signature="reportSetup()[pri:0, instance:tests.CheckoutAsGuest@957e06]" started-at="2023-03-13T12:03:57 BDT" name="reportSetup" finished-at="2023-03-13T12:03:58 BDT" duration-ms="298" status="PASS">
          <reporter-output>
          </reporter-output>
        </test-method> <!-- reportSetup -->
        <test-method is-config="true" signature="init()[pri:0, instance:tests.CheckoutAsGuest@957e06]" started-at="2023-03-13T12:03:58 BDT" name="init" finished-at="2023-03-13T12:04:04 BDT" duration-ms="5850" status="PASS">
          <reporter-output>
          </reporter-output>
        </test-method> <!-- init -->
        <test-method signature="PlaceOrder()[pri:0, instance:tests.CheckoutAsGuest@957e06]" started-at="2023-03-13T12:04:04 BDT" name="PlaceOrder" finished-at="2023-03-13T12:06:16 BDT" duration-ms="132414" status="PASS">
          <reporter-output>
          </reporter-output>
        </test-method> <!-- PlaceOrder -->
        <test-method signature="demoTest()[pri:0, instance:tests.CheckoutAsGuest@957e06]" started-at="2023-03-13T12:06:16 BDT" name="demoTest" finished-at="2023-03-13T12:06:16 BDT" duration-ms="3" status="PASS">
          <reporter-output>
          </reporter-output>
        </test-method> <!-- demoTest -->
        <test-method is-config="true" signature="tearDwon()[pri:0, instance:tests.CheckoutAsGuest@957e06]" started-at="2023-03-13T12:06:16 BDT" name="tearDwon" finished-at="2023-03-13T12:06:16 BDT" duration-ms="0" status="PASS">
          <reporter-output>
          </reporter-output>
        </test-method> <!-- tearDwon -->
        <test-method is-config="true" signature="reportTeardown()[pri:0, instance:tests.CheckoutAsGuest@957e06]" started-at="2023-03-13T12:06:16 BDT" name="reportTeardown" finished-at="2023-03-13T12:06:17 BDT" duration-ms="494" status="PASS">
          <reporter-output>
          </reporter-output>
        </test-method> <!-- reportTeardown -->
      </class> <!-- tests.CheckoutAsGuest -->
    </test> <!-- Default test -->
  </suite> <!-- Default suite -->
</testng-results>
